c:\users\ace\documents\qt_projects\current project\beat crawler v5 visual studio\beat crawler v5 visual studio\x64\release\worker.obj
c:\users\ace\documents\qt_projects\current project\beat crawler v5 visual studio\beat crawler v5 visual studio\x64\release\main.obj
c:\users\ace\documents\qt_projects\current project\beat crawler v5 visual studio\beat crawler v5 visual studio\x64\release\moc_worker.obj
c:\users\ace\documents\qt_projects\current project\beat crawler v5 visual studio\beat crawler v5 visual studio\x64\release\moc_filereader.obj
c:\users\ace\documents\qt_projects\current project\beat crawler v5 visual studio\beat crawler v5 visual studio\x64\release\moc_curlmulti.obj
c:\users\ace\documents\qt_projects\current project\beat crawler v5 visual studio\beat crawler v5 visual studio\x64\release\moc_curleasy.obj
c:\users\ace\documents\qt_projects\current project\beat crawler v5 visual studio\beat crawler v5 visual studio\x64\release\moc_beatcrawler.obj
c:\users\ace\documents\qt_projects\current project\beat crawler v5 visual studio\beat crawler v5 visual studio\x64\release\filereader.obj
c:\users\ace\documents\qt_projects\current project\beat crawler v5 visual studio\beat crawler v5 visual studio\x64\release\curlmulti.obj
c:\users\ace\documents\qt_projects\current project\beat crawler v5 visual studio\beat crawler v5 visual studio\x64\release\curleasy.obj
c:\users\ace\documents\qt_projects\current project\beat crawler v5 visual studio\beat crawler v5 visual studio\x64\release\beatcrawler.obj
c:\users\ace\documents\qt_projects\current project\beat crawler v5 visual studio\beat crawler v5 visual studio\x64\release\qrc_beatcrawler.obj
c:\users\ace\documents\qt_projects\current project\beat crawler v5 visual studio\beat crawler v5 visual studio\generatedfiles\release\moc_beatcrawler.cpp
c:\users\ace\documents\qt_projects\current project\beat crawler v5 visual studio\beat crawler v5 visual studio\generatedfiles\ui_beatcrawler.h
c:\users\ace\documents\qt_projects\current project\beat crawler v5 visual studio\beat crawler v5 visual studio\generatedfiles\release\moc_curleasy.cpp
c:\users\ace\documents\qt_projects\current project\beat crawler v5 visual studio\beat crawler v5 visual studio\generatedfiles\release\moc_curlmulti.cpp
c:\users\ace\documents\qt_projects\current project\beat crawler v5 visual studio\beat crawler v5 visual studio\generatedfiles\release\moc_filereader.cpp
c:\users\ace\documents\qt_projects\current project\beat crawler v5 visual studio\beat crawler v5 visual studio\generatedfiles\release\moc_worker.cpp
c:\users\ace\documents\qt_projects\current project\beat crawler v5 visual studio\beat crawler v5 visual studio\generatedfiles\qrc_beatcrawler.cpp
c:\users\ace\documents\qt_projects\current project\beat crawler v5 visual studio\x64\release\beat crawler v5 visual studio.exe
c:\users\ace\documents\qt_projects\current project\beat crawler v5 visual studio\beat crawler v5 visual studio\x64\release\beat cra.b12702ad.tlog\cl.command.1.tlog
c:\users\ace\documents\qt_projects\current project\beat crawler v5 visual studio\beat crawler v5 visual studio\x64\release\beat cra.b12702ad.tlog\cl.read.1.tlog
c:\users\ace\documents\qt_projects\current project\beat crawler v5 visual studio\beat crawler v5 visual studio\x64\release\beat cra.b12702ad.tlog\cl.write.1.tlog
c:\users\ace\documents\qt_projects\current project\beat crawler v5 visual studio\beat crawler v5 visual studio\x64\release\beat cra.b12702ad.tlog\custombuild.command.1.tlog
c:\users\ace\documents\qt_projects\current project\beat crawler v5 visual studio\beat crawler v5 visual studio\x64\release\beat cra.b12702ad.tlog\custombuild.read.1.tlog
c:\users\ace\documents\qt_projects\current project\beat crawler v5 visual studio\beat crawler v5 visual studio\x64\release\beat cra.b12702ad.tlog\custombuild.write.1.tlog
c:\users\ace\documents\qt_projects\current project\beat crawler v5 visual studio\beat crawler v5 visual studio\x64\release\beat cra.b12702ad.tlog\link.command.1.tlog
c:\users\ace\documents\qt_projects\current project\beat crawler v5 visual studio\beat crawler v5 visual studio\x64\release\beat cra.b12702ad.tlog\link.read.1.tlog
c:\users\ace\documents\qt_projects\current project\beat crawler v5 visual studio\beat crawler v5 visual studio\x64\release\beat cra.b12702ad.tlog\link.write.1.tlog
