  Moc'ing beatcrawler.h...
  Uic'ing beatcrawler.ui...
  Moc'ing curleasy.h...
  Moc'ing curlmulti.h...
  Moc'ing filereader.h...
  Moc'ing worker.h...
  Rcc'ing beatcrawler.qrc...
RCC : warning : No resources in 'C:\Users\ace\Documents\QT_Projects\Current Project\Beat Crawler v5 Visual Studio\Beat Crawler v5 Visual Studio\beatcrawler.qrc'.
  
  beatcrawler.cpp
  curleasy.cpp
  curlmulti.cpp
  filereader.cpp
  moc_beatcrawler.cpp
  moc_curleasy.cpp
  moc_curlmulti.cpp
  moc_filereader.cpp
  moc_worker.cpp
  main.cpp
  worker.cpp
  Generating Code...
  qrc_beatcrawler.cpp
  Beat Crawler v5 Visual Studio.vcxproj -> C:\Users\ace\Documents\QT_Projects\Current Project\Beat Crawler v5 Visual Studio\x64\Debug\Beat Crawler v5 Visual Studio.exe
  Beat Crawler v5 Visual Studio.vcxproj -> C:\Users\ace\Documents\QT_Projects\Current Project\Beat Crawler v5 Visual Studio\x64\Debug\Beat Crawler v5 Visual Studio.pdb (Full PDB)
