c:\users\ace\documents\qt_projects\current project\beat crawler v5 visual studio\beat crawler v5 visual studio\x64\debug\vc140.pdb
c:\users\ace\documents\qt_projects\current project\beat crawler v5 visual studio\beat crawler v5 visual studio\x64\debug\worker.obj
c:\users\ace\documents\qt_projects\current project\beat crawler v5 visual studio\beat crawler v5 visual studio\x64\debug\main.obj
c:\users\ace\documents\qt_projects\current project\beat crawler v5 visual studio\beat crawler v5 visual studio\x64\debug\moc_worker.obj
c:\users\ace\documents\qt_projects\current project\beat crawler v5 visual studio\beat crawler v5 visual studio\x64\debug\moc_filereader.obj
c:\users\ace\documents\qt_projects\current project\beat crawler v5 visual studio\beat crawler v5 visual studio\x64\debug\moc_curlmulti.obj
c:\users\ace\documents\qt_projects\current project\beat crawler v5 visual studio\beat crawler v5 visual studio\x64\debug\moc_curleasy.obj
c:\users\ace\documents\qt_projects\current project\beat crawler v5 visual studio\beat crawler v5 visual studio\x64\debug\moc_beatcrawler.obj
c:\users\ace\documents\qt_projects\current project\beat crawler v5 visual studio\beat crawler v5 visual studio\x64\debug\filereader.obj
c:\users\ace\documents\qt_projects\current project\beat crawler v5 visual studio\beat crawler v5 visual studio\x64\debug\curlmulti.obj
c:\users\ace\documents\qt_projects\current project\beat crawler v5 visual studio\beat crawler v5 visual studio\x64\debug\curleasy.obj
c:\users\ace\documents\qt_projects\current project\beat crawler v5 visual studio\beat crawler v5 visual studio\x64\debug\beatcrawler.obj
c:\users\ace\documents\qt_projects\current project\beat crawler v5 visual studio\beat crawler v5 visual studio\x64\debug\qrc_beatcrawler.obj
c:\users\ace\documents\qt_projects\current project\beat crawler v5 visual studio\beat crawler v5 visual studio\generatedfiles\debug\moc_beatcrawler.cpp
c:\users\ace\documents\qt_projects\current project\beat crawler v5 visual studio\beat crawler v5 visual studio\generatedfiles\ui_beatcrawler.h
c:\users\ace\documents\qt_projects\current project\beat crawler v5 visual studio\beat crawler v5 visual studio\generatedfiles\debug\moc_curleasy.cpp
c:\users\ace\documents\qt_projects\current project\beat crawler v5 visual studio\beat crawler v5 visual studio\generatedfiles\debug\moc_curlmulti.cpp
c:\users\ace\documents\qt_projects\current project\beat crawler v5 visual studio\beat crawler v5 visual studio\generatedfiles\debug\moc_filereader.cpp
c:\users\ace\documents\qt_projects\current project\beat crawler v5 visual studio\beat crawler v5 visual studio\generatedfiles\debug\moc_worker.cpp
c:\users\ace\documents\qt_projects\current project\beat crawler v5 visual studio\beat crawler v5 visual studio\generatedfiles\qrc_beatcrawler.cpp
c:\users\ace\documents\qt_projects\current project\beat crawler v5 visual studio\x64\debug\beat crawler v5 visual studio.ilk
c:\users\ace\documents\qt_projects\current project\beat crawler v5 visual studio\x64\debug\beat crawler v5 visual studio.exe
c:\users\ace\documents\qt_projects\current project\beat crawler v5 visual studio\x64\debug\beat crawler v5 visual studio.pdb
c:\users\ace\documents\qt_projects\current project\beat crawler v5 visual studio\beat crawler v5 visual studio\x64\debug\beat cra.b12702ad.tlog\cl.command.1.tlog
c:\users\ace\documents\qt_projects\current project\beat crawler v5 visual studio\beat crawler v5 visual studio\x64\debug\beat cra.b12702ad.tlog\cl.read.1.tlog
c:\users\ace\documents\qt_projects\current project\beat crawler v5 visual studio\beat crawler v5 visual studio\x64\debug\beat cra.b12702ad.tlog\cl.write.1.tlog
c:\users\ace\documents\qt_projects\current project\beat crawler v5 visual studio\beat crawler v5 visual studio\x64\debug\beat cra.b12702ad.tlog\custombuild.command.1.tlog
c:\users\ace\documents\qt_projects\current project\beat crawler v5 visual studio\beat crawler v5 visual studio\x64\debug\beat cra.b12702ad.tlog\custombuild.read.1.tlog
c:\users\ace\documents\qt_projects\current project\beat crawler v5 visual studio\beat crawler v5 visual studio\x64\debug\beat cra.b12702ad.tlog\custombuild.write.1.tlog
c:\users\ace\documents\qt_projects\current project\beat crawler v5 visual studio\beat crawler v5 visual studio\x64\debug\beat cra.b12702ad.tlog\link.command.1.tlog
c:\users\ace\documents\qt_projects\current project\beat crawler v5 visual studio\beat crawler v5 visual studio\x64\debug\beat cra.b12702ad.tlog\link.read.1.tlog
c:\users\ace\documents\qt_projects\current project\beat crawler v5 visual studio\beat crawler v5 visual studio\x64\debug\beat cra.b12702ad.tlog\link.write.1.tlog
